<?xml version="1.0" encoding="UTF-8"?>
<!-- Generated by org.testng.reporters.JUnitReportReporter -->
<testsuite skipped="0" hostname="LAPTOP-7VQ11PQH" name="JukinMedia.Grails.base" tests="1" failures="0" timestamp="2020-09-15T15:19:45 IST" time="0.010" errors="0">
  <testcase name="initializeBrowser" time="0.010" classname="JukinMedia.Grails.base"/>
  <system-out/>
</testsuite> <!-- JukinMedia.Grails.base -->
