<?xml version="1.0" encoding="UTF-8"?>
<!-- Generated by org.testng.reporters.JUnitReportReporter -->
<testsuite skipped="0" hostname="LAPTOP-7VQ11PQH" name="JukinMedia.Grails.loginpage" tests="2" failures="0" timestamp="2020-09-17T18:25:41 IST" time="12.221" errors="0">
  <testcase name="loginPage" time="6.479" classname="JukinMedia.Grails.loginpage"/>
  <system-out/>
  <testcase name="loginPage" time="5.742" classname="JukinMedia.Grails.loginpage"/>
  <system-out/>
</testsuite> <!-- JukinMedia.Grails.loginpage -->
